2026-04-20T21:20:00.016Z	Initializing build environment...
2026-04-20T21:20:08.117Z	Success: Finished initializing build environment
2026-04-20T21:20:09.679Z	Cloning repository...
2026-04-20T21:20:11.399Z	Restoring from dependencies cache
2026-04-20T21:20:11.401Z	Restoring from build output cache
2026-04-20T21:20:11.404Z	Detected the following tools from environment: npm@10.9.2, nodejs@22.16.0
2026-04-20T21:20:11.654Z	Installing project dependencies: npm clean-install --progress=false
2026-04-20T21:20:14.370Z	npm warn deprecated whatwg-encoding@3.1.1: Use @exodus/bytes instead for a more spec-conformant and faster implementation
2026-04-20T21:20:14.626Z	npm warn deprecated sourcemap-codec@1.4.8: Please use @jridgewell/sourcemap-codec instead
2026-04-20T21:20:14.789Z	npm warn deprecated rollup-plugin-inject@3.0.2: This package has been deprecated and is no longer maintained. Please use @rollup/plugin-inject.
2026-04-20T21:20:25.978Z	
2026-04-20T21:20:25.978Z	added 539 packages, and audited 540 packages in 14s
2026-04-20T21:20:25.978Z	
2026-04-20T21:20:25.978Z	199 packages are looking for funding
2026-04-20T21:20:25.978Z	  run `npm fund` for details
2026-04-20T21:20:26.061Z	
2026-04-20T21:20:26.062Z	9 vulnerabilities (6 moderate, 3 high)
2026-04-20T21:20:26.062Z	
2026-04-20T21:20:26.062Z	To address all issues (including breaking changes), run:
2026-04-20T21:20:26.062Z	  npm audit fix --force
2026-04-20T21:20:26.062Z	
2026-04-20T21:20:26.062Z	Run `npm audit` for details.
2026-04-20T21:20:26.219Z	Executing user build command: npm run build
2026-04-20T21:20:26.486Z	
2026-04-20T21:20:26.486Z	> advanced-astro-i18n@2.2.2 build
2026-04-20T21:20:26.486Z	> astro build
2026-04-20T21:20:26.486Z	
2026-04-20T21:20:29.710Z	21:20:29 [astro-i18n/routing] Registered watcher for "src/routes" directory
2026-04-20T21:20:29.710Z	21:20:29 [astro-i18n/routing] Starting routes injection...
2026-04-20T21:20:29.711Z	21:20:29 [astro-i18n/routing] Cleaned ".astro/astro-i18n/entrypoints" directory
2026-04-20T21:20:29.723Z	21:20:29 [astro-i18n/routing] Injecting "/fr/404" route
2026-04-20T21:20:29.723Z	21:20:29 [astro-i18n/routing] Injecting "/fr/" route
2026-04-20T21:20:29.723Z	21:20:29 [astro-i18n/routing] Injecting "/404" route
2026-04-20T21:20:29.723Z	21:20:29 [astro-i18n/routing] Injecting "/" route
2026-04-20T21:20:29.723Z	21:20:29 [astro-i18n/routing] Injecting "/ar/404" route
2026-04-20T21:20:29.724Z	21:20:29 [astro-i18n/routing] Injecting "/ar/" route
2026-04-20T21:20:29.724Z	21:20:29 [astro-i18n/i18next] Registered watcher for "src/locales" directory
2026-04-20T21:20:29.724Z	21:20:29 [astro-i18n/i18next] Detected namespaces: "common","home"
2026-04-20T21:20:29.726Z	21:20:29 [astro-i18n/i18next] 3 resources registered
2026-04-20T21:20:29.850Z	21:20:29 [astro-i18n] Client features enabled: "data", "paths". Make sure to use the `<I18nClient />` component
2026-04-20T21:20:29.851Z	21:20:29 [astro-i18n] Types injected
2026-04-20T21:20:29.955Z	21:20:29 [types] Generated 61ms
2026-04-20T21:20:29.955Z	21:20:29 [build] output: "hybrid"
2026-04-20T21:20:29.955Z	21:20:29 [build] directory: /opt/buildhome/repo/dist/
2026-04-20T21:20:29.955Z	21:20:29 [build] adapter: @astrojs/cloudflare
2026-04-20T21:20:29.955Z	21:20:29 [build] Collecting build info...
2026-04-20T21:20:29.955Z	21:20:29 [build] ✓ Completed in 287ms.
2026-04-20T21:20:29.959Z	21:20:29 [build] Building hybrid entrypoints...
2026-04-20T21:20:34.322Z	Removing unexpected attribute on SVG: clip-rule
2026-04-20T21:20:34.626Z	21:20:34 [astro-icon] Loaded icons from src/icons
2026-04-20T21:20:35.926Z	Generated an empty chunk: "astro/env-setup".
2026-04-20T21:20:36.056Z	21:20:36 [vite] ✓ built in 6.06s
2026-04-20T21:20:36.056Z	21:20:36 [build] ✓ Completed in 6.10s.
2026-04-20T21:20:36.057Z	
2026-04-20T21:20:36.057Z	 building client (vite) 
2026-04-20T21:20:36.062Z	21:20:36 [vite] transforming...
2026-04-20T21:20:37.626Z	21:20:37 [vite] ✓ 77 modules transformed.
2026-04-20T21:20:37.857Z	21:20:37 [vite] rendering chunks...
2026-04-20T21:20:38.143Z	21:20:38 [vite] computing gzip size...
2026-04-20T21:20:38.158Z	21:20:38 [vite] dist/_astro/hoisted.Ci7e7Dl2.js   41.00 kB │ gzip:  14.50 kB
2026-04-20T21:20:38.158Z	21:20:38 [vite] dist/_astro/hoisted.Cw7WzIwI.js  567.50 kB │ gzip: 143.81 kB
2026-04-20T21:20:38.159Z	21:20:38 [WARN] [vite] 
2026-04-20T21:20:38.159Z	(!) Some chunks are larger than 500 kB after minification. Consider:
2026-04-20T21:20:38.159Z	- Using dynamic import() to code-split the application
2026-04-20T21:20:38.159Z	- Use build.rollupOptions.output.manualChunks to improve chunking: https://rollupjs.org/configuration-options/#output-manualchunks
2026-04-20T21:20:38.159Z	- Adjust chunk size limit for this warning via build.chunkSizeWarningLimit.
2026-04-20T21:20:38.160Z	21:20:38 [vite] ✓ built in 2.10s
2026-04-20T21:20:38.186Z	
2026-04-20T21:20:38.186Z	 prerendering static routes 
2026-04-20T21:20:38.193Z	21:20:38 ▶ .astro/astro-i18n/entrypoints/en/404.astro
2026-04-20T21:20:38.230Z	21:20:38   └─ /404.html (+36ms)
2026-04-20T21:20:38.233Z	21:20:38 ▶ .astro/astro-i18n/entrypoints/ar/404.astro
2026-04-20T21:20:38.249Z	21:20:38   └─ /ar/404/index.html (+16ms)
2026-04-20T21:20:38.252Z	21:20:38 ▶ .astro/astro-i18n/entrypoints/ar/index.astro
2026-04-20T21:20:38.291Z	21:20:38   └─ /ar/index.html (+39ms)
2026-04-20T21:20:38.297Z	21:20:38 ▶ .astro/astro-i18n/entrypoints/fr/404.astro
2026-04-20T21:20:38.303Z	21:20:38   └─ /fr/404/index.html (+7ms)
2026-04-20T21:20:38.303Z	21:20:38 ▶ .astro/astro-i18n/entrypoints/fr/index.astro
2026-04-20T21:20:38.338Z	21:20:38   └─ /fr/index.html (+34ms)
2026-04-20T21:20:38.343Z	21:20:38 ▶ .astro/astro-i18n/entrypoints/en/index.astro
2026-04-20T21:20:38.368Z	21:20:38   └─ /index.html (+29ms)
2026-04-20T21:20:38.368Z	21:20:38 ✓ Completed in 197ms.
2026-04-20T21:20:38.368Z	
2026-04-20T21:20:38.368Z	 generating optimized images 
2026-04-20T21:20:38.370Z	21:20:38   ▶ /_astro/landing.D_wYLIJw_Z2fNdfG.webp (before: 147kB, after: 147kB) (+1ms) (1/3)
2026-04-20T21:20:38.372Z	21:20:38   ▶ /_astro/hero.D_U89e6H_1eYOyD.webp (before: 243kB, after: 243kB) (+2ms) (2/3)
2026-04-20T21:20:38.373Z	21:20:38   ▶ /_astro/hero-m.h7a-n5vH_Z2hd3bH.webp (before: 35kB, after: 35kB) (+1ms) (3/3)
2026-04-20T21:20:38.374Z	21:20:38 ✓ Completed in 5ms.
2026-04-20T21:20:38.374Z	
2026-04-20T21:20:38.377Z	21:20:38 [build] Rearranging server assets...
2026-04-20T21:20:38.388Z	21:20:38 [build] Server built in 8.72s
2026-04-20T21:20:38.388Z	21:20:38 [build] Complete!
2026-04-20T21:20:38.461Z	Success: Build command completed
2026-04-20T21:20:38.581Z	Executing user deploy command: npx wrangler deploy
2026-04-20T21:20:39.903Z	
2026-04-20T21:20:39.903Z	 ⛅️ wrangler 3.114.17 (update available 4.84.0)
2026-04-20T21:20:39.904Z	-----------------------------------------------
2026-04-20T21:20:39.904Z	
2026-04-20T21:20:39.971Z	▲ [WARNING] The version of Wrangler you are using is now out-of-date.
2026-04-20T21:20:39.971Z	
2026-04-20T21:20:39.971Z	  Please update to the latest version to prevent critical errors.
2026-04-20T21:20:39.971Z	  Run `npm install --save-dev wrangler@4` to update to the latest version.
2026-04-20T21:20:39.971Z	  After installation, run Wrangler with `npx wrangler`.
2026-04-20T21:20:39.972Z	
2026-04-20T21:20:39.972Z	
2026-04-20T21:20:39.980Z	
2026-04-20T21:20:39.981Z	✘ [ERROR] It looks like you've run a Workers-specific command in a Pages project.
2026-04-20T21:20:39.981Z	
2026-04-20T21:20:39.981Z	  For Pages, please run `wrangler pages deploy` instead.
2026-04-20T21:20:39.981Z	
2026-04-20T21:20:39.981Z	
2026-04-20T21:20:39.982Z	
2026-04-20T21:20:39.982Z	Cloudflare collects anonymous telemetry about your usage of Wrangler. Learn more at https://github.com/cloudflare/workers-sdk/tree/main/packages/wrangler/telemetry.md
2026-04-20T21:20:40.001Z	🪵  Logs were written to "/opt/buildhome/.config/.wrangler/logs/wrangler-2026-04-20_21-20-39_347.log"
2026-04-20T21:20:40.111Z	Failed: error occurred while running deploy command