2026-04-20T18:44:40.444Z	Initializing build environment...
2026-04-20T18:44:45.417Z	Success: Finished initializing build environment
2026-04-20T18:44:45.834Z	Cloning repository...
2026-04-20T18:44:47.379Z	Restoring from dependencies cache
2026-04-20T18:44:47.381Z	Restoring from build output cache
2026-04-20T18:44:47.384Z	Detected the following tools from environment: npm@10.9.2, nodejs@22.16.0
2026-04-20T18:44:47.516Z	Installing project dependencies: npm clean-install --progress=false
2026-04-20T18:44:51.093Z	npm warn deprecated whatwg-encoding@3.1.1: Use @exodus/bytes instead for a more spec-conformant and faster implementation
2026-04-20T18:44:58.729Z	
2026-04-20T18:44:58.729Z	added 488 packages, and audited 489 packages in 11s
2026-04-20T18:44:58.729Z	
2026-04-20T18:44:58.729Z	196 packages are looking for funding
2026-04-20T18:44:58.730Z	  run `npm fund` for details
2026-04-20T18:44:58.762Z	
2026-04-20T18:44:58.762Z	5 vulnerabilities (4 moderate, 1 high)
2026-04-20T18:44:58.763Z	
2026-04-20T18:44:58.763Z	To address all issues (including breaking changes), run:
2026-04-20T18:44:58.763Z	  npm audit fix --force
2026-04-20T18:44:58.763Z	
2026-04-20T18:44:58.763Z	Run `npm audit` for details.
2026-04-20T18:44:58.964Z	Executing user build command: npm run build
2026-04-20T18:44:59.280Z	
2026-04-20T18:44:59.280Z	> advanced-astro-i18n@2.2.2 build
2026-04-20T18:44:59.280Z	> astro build
2026-04-20T18:44:59.280Z	
2026-04-20T18:45:01.713Z	18:45:01 [astro-i18n/routing] Registered watcher for "src/routes" directory
2026-04-20T18:45:01.714Z	18:45:01 [astro-i18n/routing] Starting routes injection...
2026-04-20T18:45:01.714Z	18:45:01 [astro-i18n/routing] Cleaned ".astro/astro-i18n/entrypoints" directory
2026-04-20T18:45:01.720Z	18:45:01 [astro-i18n/routing] Injecting "/fr/404" route
2026-04-20T18:45:01.721Z	18:45:01 [astro-i18n/routing] Injecting "/fr/" route
2026-04-20T18:45:01.726Z	18:45:01 [astro-i18n/routing] Injecting "/404" route
2026-04-20T18:45:01.727Z	18:45:01 [astro-i18n/routing] Injecting "/" route
2026-04-20T18:45:01.727Z	18:45:01 [astro-i18n/routing] Injecting "/ar/404" route
2026-04-20T18:45:01.727Z	18:45:01 [astro-i18n/routing] Injecting "/ar/" route
2026-04-20T18:45:01.727Z	18:45:01 [astro-i18n/i18next] Registered watcher for "src/locales" directory
2026-04-20T18:45:01.727Z	18:45:01 [astro-i18n/i18next] Detected namespaces: "common","home"
2026-04-20T18:45:01.728Z	18:45:01 [astro-i18n/i18next] 3 resources registered
2026-04-20T18:45:01.848Z	18:45:01 [astro-i18n] Client features enabled: "data", "paths". Make sure to use the `<I18nClient />` component
2026-04-20T18:45:01.849Z	18:45:01 [astro-i18n] Types injected
2026-04-20T18:45:01.964Z	18:45:01 [types] Generated 81ms
2026-04-20T18:45:01.964Z	18:45:01 [build] output: "static"
2026-04-20T18:45:01.964Z	18:45:01 [build] directory: /opt/buildhome/repo/dist/
2026-04-20T18:45:01.964Z	18:45:01 [build] Collecting build info...
2026-04-20T18:45:01.964Z	18:45:01 [build] ✓ Completed in 304ms.
2026-04-20T18:45:01.967Z	18:45:01 [build] Building static entrypoints...
2026-04-20T18:45:06.432Z	Removing unexpected attribute on SVG: clip-rule
2026-04-20T18:45:06.788Z	18:45:06 [astro-icon] Loaded icons from src/icons
2026-04-20T18:45:08.343Z	18:45:08 [vite] ✓ built in 6.33s
2026-04-20T18:45:08.345Z	18:45:08 [build] ✓ Completed in 6.38s.
2026-04-20T18:45:08.350Z	
2026-04-20T18:45:08.351Z	 building client (vite) 
2026-04-20T18:45:08.352Z	18:45:08 [vite] transforming...
2026-04-20T18:45:10.206Z	18:45:10 [vite] ✓ 77 modules transformed.
2026-04-20T18:45:10.353Z	18:45:10 [vite] rendering chunks...
2026-04-20T18:45:10.585Z	18:45:10 [vite] computing gzip size...
2026-04-20T18:45:10.601Z	18:45:10 [vite] dist/_astro/hoisted.Ci7e7Dl2.js   41.00 kB │ gzip:  14.50 kB
2026-04-20T18:45:10.601Z	18:45:10 [vite] dist/_astro/hoisted.Cw7WzIwI.js  567.50 kB │ gzip: 143.81 kB
2026-04-20T18:45:10.601Z	18:45:10 [WARN] [vite] 
2026-04-20T18:45:10.602Z	(!) Some chunks are larger than 500 kB after minification. Consider:
2026-04-20T18:45:10.602Z	- Using dynamic import() to code-split the application
2026-04-20T18:45:10.602Z	- Use build.rollupOptions.output.manualChunks to improve chunking: https://rollupjs.org/configuration-options/#output-manualchunks
2026-04-20T18:45:10.602Z	- Adjust chunk size limit for this warning via build.chunkSizeWarningLimit.
2026-04-20T18:45:10.602Z	18:45:10 [vite] ✓ built in 2.25s
2026-04-20T18:45:10.614Z	
2026-04-20T18:45:10.614Z	 generating static routes 
2026-04-20T18:45:10.627Z	18:45:10 ▶ .astro/astro-i18n/entrypoints/en/404.astro
2026-04-20T18:45:10.658Z	18:45:10   └─ /404.html (+30ms)
2026-04-20T18:45:10.661Z	18:45:10 ▶ .astro/astro-i18n/entrypoints/ar/404.astro
2026-04-20T18:45:10.680Z	18:45:10   └─ /ar/404/index.html (+19ms)
2026-04-20T18:45:10.691Z	18:45:10 ▶ .astro/astro-i18n/entrypoints/ar/index.astro
2026-04-20T18:45:10.741Z	18:45:10   └─ /ar/index.html (+52ms)
2026-04-20T18:45:10.743Z	18:45:10 ▶ .astro/astro-i18n/entrypoints/fr/404.astro
2026-04-20T18:45:10.753Z	18:45:10   └─ /fr/404/index.html (+6ms)
2026-04-20T18:45:10.755Z	18:45:10 ▶ .astro/astro-i18n/entrypoints/fr/index.astro
2026-04-20T18:45:10.798Z	18:45:10   └─ /fr/index.html (+43ms)
2026-04-20T18:45:10.798Z	18:45:10 ▶ .astro/astro-i18n/entrypoints/en/index.astro
2026-04-20T18:45:10.830Z	18:45:10   └─ /index.html (+32ms)
2026-04-20T18:45:10.830Z	18:45:10 ✓ Completed in 224ms.
2026-04-20T18:45:10.830Z	
2026-04-20T18:45:10.830Z	 generating optimized images 
2026-04-20T18:45:10.833Z	18:45:10   ▶ /_astro/landing.D_wYLIJw_Z2fNdfG.webp (before: 147kB, after: 147kB) (+2ms) (1/3)
2026-04-20T18:45:10.835Z	18:45:10   ▶ /_astro/hero.D_U89e6H_1eYOyD.webp (before: 243kB, after: 243kB) (+2ms) (2/3)
2026-04-20T18:45:10.836Z	18:45:10   ▶ /_astro/hero-m.h7a-n5vH_Z2hd3bH.webp (before: 35kB, after: 35kB) (+1ms) (3/3)
2026-04-20T18:45:10.836Z	18:45:10 ✓ Completed in 6ms.
2026-04-20T18:45:10.837Z	
2026-04-20T18:45:10.841Z	18:45:10 [build] 6 page(s) built in 9.18s
2026-04-20T18:45:10.842Z	18:45:10 [build] Complete!
2026-04-20T18:45:10.920Z	Success: Build command completed
2026-04-20T18:45:11.076Z	Executing user deploy command: npx wrangler deploy
2026-04-20T18:45:12.514Z	npm warn exec The following package was not found and will be installed: wrangler@4.84.0
2026-04-20T18:45:22.216Z	
2026-04-20T18:45:22.216Z	 ⛅️ wrangler 4.84.0
2026-04-20T18:45:22.216Z	───────────────────
2026-04-20T18:45:22.388Z	
2026-04-20T18:45:22.389Z	Detected Project Settings:
2026-04-20T18:45:22.390Z	 - Worker Name: majd-studios
2026-04-20T18:45:22.391Z	 - Framework: Astro
2026-04-20T18:45:22.391Z	 - Build Command: npm run build
2026-04-20T18:45:22.392Z	 - Output Directory: dist
2026-04-20T18:45:22.394Z	
2026-04-20T18:45:22.394Z	? Do you want to modify these settings?
2026-04-20T18:45:22.395Z	🤖 Using fallback value in non-interactive context: no
2026-04-20T18:45:22.398Z	
2026-04-20T18:45:22.400Z	📦 Install packages:
2026-04-20T18:45:22.401Z	 - wrangler (devDependency)
2026-04-20T18:45:22.402Z	
2026-04-20T18:45:22.402Z	📝 Update package.json scripts:
2026-04-20T18:45:22.403Z	 - "deploy": "npm run build && wrangler deploy"
2026-04-20T18:45:22.403Z	 - "preview": "npm run build && wrangler dev"
2026-04-20T18:45:22.403Z	 - "cf-typegen": "wrangler types"
2026-04-20T18:45:22.403Z	
2026-04-20T18:45:22.403Z	📄 Create wrangler.jsonc:
2026-04-20T18:45:22.403Z	  {
2026-04-20T18:45:22.403Z	    "$schema": "node_modules/wrangler/config-schema.json",
2026-04-20T18:45:22.403Z	    "name": "majd-studios",
2026-04-20T18:45:22.404Z	    "compatibility_date": "2026-04-20",
2026-04-20T18:45:22.405Z	    "observability": {
2026-04-20T18:45:22.405Z	      "enabled": true
2026-04-20T18:45:22.405Z	    },
2026-04-20T18:45:22.405Z	    "main": "dist/_worker.js/index.js",
2026-04-20T18:45:22.405Z	    "compatibility_flags": [
2026-04-20T18:45:22.405Z	      "global_fetch_strictly_public",
2026-04-20T18:45:22.406Z	      "nodejs_compat"
2026-04-20T18:45:22.406Z	    ],
2026-04-20T18:45:22.406Z	    "assets": {
2026-04-20T18:45:22.407Z	      "binding": "ASSETS",
2026-04-20T18:45:22.407Z	      "directory": "dist"
2026-04-20T18:45:22.407Z	    }
2026-04-20T18:45:22.407Z	  }
2026-04-20T18:45:22.407Z	
2026-04-20T18:45:22.407Z	🛠️  Configuring project for Astro with "astro add cloudflare"
2026-04-20T18:45:22.410Z	
2026-04-20T18:45:22.410Z	? Proceed with setup?
2026-04-20T18:45:22.410Z	🤖 Using fallback value in non-interactive context: yes
2026-04-20T18:45:40.317Z	├ Updating configuration in /opt/buildhome/repo/astro.config.mjs
2026-04-20T18:45:40.317Z	│
2026-04-20T18:45:40.359Z	├ Updated tsconfig.json to include ./worker-configuration.d.ts
2026-04-20T18:45:40.359Z	│
2026-04-20T18:45:40.365Z	├ Adding Wrangler files to the .gitignore file
2026-04-20T18:45:40.365Z	│ updated .gitignore file
2026-04-20T18:45:40.365Z	│
2026-04-20T18:45:40.365Z	[build] Running: npm run build
2026-04-20T18:45:40.567Z	[build] 
2026-04-20T18:45:40.568Z	[build] > advanced-astro-i18n@2.2.2 build
2026-04-20T18:45:40.568Z	[build] > astro build
2026-04-20T18:45:40.568Z	[build] 
2026-04-20T18:45:40.568Z	[build] 
2026-04-20T18:45:43.024Z	[build] 18:45:43 [astro-i18n/routing] Registered watcher for "src/routes" directory
2026-04-20T18:45:43.024Z	[build] 
2026-04-20T18:45:43.024Z	[build] 18:45:43 [astro-i18n/routing] Starting routes injection...
2026-04-20T18:45:43.024Z	[build] 
2026-04-20T18:45:43.026Z	[build] 18:45:43 [astro-i18n/routing] Cleaned ".astro/astro-i18n/entrypoints" directory
2026-04-20T18:45:43.026Z	[build] 
2026-04-20T18:45:43.035Z	[build] 18:45:43 [astro-i18n/routing] Injecting "/fr/404" route
2026-04-20T18:45:43.035Z	[build] 
2026-04-20T18:45:43.036Z	[build] 18:45:43 [astro-i18n/routing] Injecting "/fr/" route
2026-04-20T18:45:43.036Z	[build] 18:45:43 [astro-i18n/routing] Injecting "/404" route
2026-04-20T18:45:43.036Z	[build] 
2026-04-20T18:45:43.037Z	[build] 18:45:43 [astro-i18n/routing] Injecting "/" route
2026-04-20T18:45:43.037Z	[build] 18:45:43 [astro-i18n/routing] Injecting "/ar/404" route
2026-04-20T18:45:43.037Z	[build] 
2026-04-20T18:45:43.037Z	[build] 18:45:43 [astro-i18n/routing] Injecting "/ar/" route
2026-04-20T18:45:43.037Z	[build] 
2026-04-20T18:45:43.037Z	[build] 18:45:43 [astro-i18n/i18next] Registered watcher for "src/locales" directory
2026-04-20T18:45:43.038Z	[build] 
2026-04-20T18:45:43.038Z	[build] 18:45:43 [astro-i18n/i18next] Detected namespaces: "common","home"
2026-04-20T18:45:43.038Z	[build] 
2026-04-20T18:45:43.038Z	[build] 18:45:43 [astro-i18n/i18next] 3 resources registered
2026-04-20T18:45:43.039Z	[build] 
2026-04-20T18:45:43.154Z	[build] 18:45:43 [astro-i18n] Client features enabled: "data", "paths". Make sure to use the `<I18nClient />` component
2026-04-20T18:45:43.154Z	[build] 18:45:43 [astro-i18n] Types injected
2026-04-20T18:45:43.155Z	[build] 
2026-04-20T18:45:43.192Z	[build] 18:45:43 [WARN] The currently selected adapter `@astrojs/cloudflare` is not compatible with the image service "Sharp".
2026-04-20T18:45:43.192Z	[build] 
2026-04-20T18:45:43.270Z	[build] 18:45:43 [types] Generated 77ms
2026-04-20T18:45:43.270Z	[build] 
2026-04-20T18:45:43.270Z	[build] 18:45:43 [build] output: "hybrid"
2026-04-20T18:45:43.270Z	[build] 18:45:43 [build] directory: /opt/buildhome/repo/dist/
2026-04-20T18:45:43.270Z	[build] 18:45:43 [build] adapter: @astrojs/cloudflare
2026-04-20T18:45:43.270Z	[build] 18:45:43 [build] Collecting build info...
2026-04-20T18:45:43.271Z	[build] 
2026-04-20T18:45:43.271Z	[build] 18:45:43 [build] ✓ Completed in 292ms.
2026-04-20T18:45:43.271Z	[build] 
2026-04-20T18:45:43.279Z	[build] 18:45:43 [build] Building hybrid entrypoints...
2026-04-20T18:45:43.279Z	[build] 
2026-04-20T18:45:43.479Z	[build] 18:45:43 [ERROR] [vite] x Build failed in 154ms
2026-04-20T18:45:43.479Z	[build] 
2026-04-20T18:45:44.009Z	[build] [commonjs--resolver] [plugin vite:resolve] Cannot bundle Node.js built-in "node:async_hooks" imported from " virtual:astro-i18n/als". Consider disabling ssr.noExternal or remove the built-in dependency.
2026-04-20T18:45:44.010Z	[build]   Location:
2026-04-20T18:45:44.015Z	[build]     /opt/buildhome/repo/node_modules/rollup/dist/es/shared/parseAst.js:406:41
2026-04-20T18:45:44.015Z	[build]   Stack trace:
2026-04-20T18:45:44.015Z	[build]     at getRollupError (file:///opt/buildhome/repo/node_modules/rollup/dist/es/shared/parseAst.js:406:41)
2026-04-20T18:45:44.015Z	[build]     at Object.error (file:///opt/buildhome/repo/node_modules/rollup/dist/es/shared/node-entry.js:22645:20)
2026-04-20T18:45:44.015Z	[build]     at Object.handler (file:///opt/buildhome/repo/node_modules/vite/dist/node/chunks/dep-BK3b2jBa.js:65919:15)
2026-04-20T18:45:44.015Z	[build]     at async PluginDriver.hookFirstAndGetPlugin (file:///opt/buildhome/repo/node_modules/rollup/dist/es/shared/node-entry.js:22849:28)
2026-04-20T18:45:44.016Z	[build]     at async ModuleLoader.resolveId (file:///opt/buildhome/repo/node_modules/rollup/dist/es/shared/node-entry.js:21746:15)
2026-04-20T18:45:44.016Z	[build] 
2026-04-20T18:45:44.209Z	✘ [ERROR] Error: Command failed with exit code 1: npm run build
2026-04-20T18:45:44.209Z	
2026-04-20T18:45:44.209Z	  18:45:43 [ERROR] [vite] x Build failed in 154ms
2026-04-20T18:45:44.209Z	  [commonjs--resolver] [plugin vite:resolve] Cannot bundle Node.js built-in "node:async_hooks" imported from " virtual:astro-i18n/als". Consider disabling ssr.noExternal or remove the built-in dependency.
2026-04-20T18:45:44.209Z	    Location:
2026-04-20T18:45:44.209Z	      /opt/buildhome/repo/node_modules/rollup/dist/es/shared/parseAst.js:406:41
2026-04-20T18:45:44.209Z	    Stack trace:
2026-04-20T18:45:44.209Z	      at getRollupError (file:///opt/buildhome/repo/node_modules/rollup/dist/es/shared/parseAst.js:406:41)
2026-04-20T18:45:44.209Z	      at Object.error (file:///opt/buildhome/repo/node_modules/rollup/dist/es/shared/node-entry.js:22645:20)
2026-04-20T18:45:44.209Z	      at Object.handler (file:///opt/buildhome/repo/node_modules/vite/dist/node/chunks/dep-BK3b2jBa.js:65919:15)
2026-04-20T18:45:44.209Z	      at async PluginDriver.hookFirstAndGetPlugin (file:///opt/buildhome/repo/node_modules/rollup/dist/es/shared/node-entry.js:22849:28)
2026-04-20T18:45:44.209Z	      at async ModuleLoader.resolveId (file:///opt/buildhome/repo/node_modules/rollup/dist/es/shared/node-entry.js:21746:15)
2026-04-20T18:45:44.209Z	  
2026-04-20T18:45:44.209Z	  > advanced-astro-i18n@2.2.2 build
2026-04-20T18:45:44.209Z	  > astro build
2026-04-20T18:45:44.209Z	  
2026-04-20T18:45:44.209Z	  18:45:43 [astro-i18n/routing] Registered watcher for "src/routes" directory
2026-04-20T18:45:44.209Z	  18:45:43 [astro-i18n/routing] Starting routes injection...
2026-04-20T18:45:44.213Z	  18:45:43 [astro-i18n/routing] Cleaned ".astro/astro-i18n/entrypoints" directory
2026-04-20T18:45:44.213Z	  18:45:43 [astro-i18n/routing] Injecting "/fr/404" route
2026-04-20T18:45:44.214Z	  18:45:43 [astro-i18n/routing] Injecting "/fr/" route
2026-04-20T18:45:44.214Z	  18:45:43 [astro-i18n/routing] Injecting "/404" route
2026-04-20T18:45:44.214Z	  18:45:43 [astro-i18n/routing] Injecting "/" route
2026-04-20T18:45:44.214Z	  18:45:43 [astro-i18n/routing] Injecting "/ar/404" route
2026-04-20T18:45:44.214Z	  18:45:43 [astro-i18n/routing] Injecting "/ar/" route
2026-04-20T18:45:44.214Z	  18:45:43 [astro-i18n/i18next] Registered watcher for "src/locales" directory
2026-04-20T18:45:44.214Z	  18:45:43 [astro-i18n/i18next] Detected namespaces: "common","home"
2026-04-20T18:45:44.214Z	  18:45:43 [astro-i18n/i18next] 3 resources registered
2026-04-20T18:45:44.215Z	  18:45:43 [astro-i18n] Client features enabled: "data", "paths". Make sure to use the `<I18nClient />` component
2026-04-20T18:45:44.215Z	  18:45:43 [astro-i18n] Types injected
2026-04-20T18:45:44.215Z	  18:45:43 [WARN] The currently selected adapter `@astrojs/cloudflare` is not compatible with the image service "Sharp".
2026-04-20T18:45:44.215Z	  18:45:43 [types] Generated 77ms
2026-04-20T18:45:44.215Z	  18:45:43 [build] output: "hybrid"
2026-04-20T18:45:44.215Z	  18:45:43 [build] directory: /opt/buildhome/repo/dist/
2026-04-20T18:45:44.215Z	  18:45:43 [build] adapter: @astrojs/cloudflare
2026-04-20T18:45:44.215Z	  18:45:43 [build] Collecting build info...
2026-04-20T18:45:44.215Z	  18:45:43 [build] ✓ Completed in 292ms.
2026-04-20T18:45:44.215Z	  18:45:43 [build] Building hybrid entrypoints...
2026-04-20T18:45:44.215Z	      at makeError (/opt/buildhome/.npm/_npx/32026684e21afda6/node_modules/wrangler/wrangler-dist/cli.js:53998:18)
2026-04-20T18:45:44.215Z	      at handlePromise (/opt/buildhome/.npm/_npx/32026684e21afda6/node_modules/wrangler/wrangler-dist/cli.js:54465:29)
2026-04-20T18:45:44.215Z	      at process.processTicksAndRejections (node:internal/process/task_queues:105:5)
2026-04-20T18:45:44.215Z	      at async runCommand (/opt/buildhome/.npm/_npx/32026684e21afda6/node_modules/wrangler/wrangler-dist/cli.js:135638:5)
2026-04-20T18:45:44.215Z	      at async runAutoConfig (/opt/buildhome/.npm/_npx/32026684e21afda6/node_modules/wrangler/wrangler-dist/cli.js:232240:7)
2026-04-20T18:45:44.216Z	      at async Object.handler (/opt/buildhome/.npm/_npx/32026684e21afda6/node_modules/wrangler/wrangler-dist/cli.js:233538:41)
2026-04-20T18:45:44.216Z	      at async /opt/buildhome/.npm/_npx/32026684e21afda6/node_modules/wrangler/wrangler-dist/cli.js:182258:26
2026-04-20T18:45:44.216Z	      at async Object.handler (/opt/buildhome/.npm/_npx/32026684e21afda6/node_modules/wrangler/wrangler-dist/cli.js:182207:7) {
2026-04-20T18:45:44.216Z	    shortMessage: 'Command failed with exit code 1: npm run build',
2026-04-20T18:45:44.216Z	    command: 'npm run build',
2026-04-20T18:45:44.216Z	    escapedCommand: 'npm run build',
2026-04-20T18:45:44.216Z	    exitCode: 1,
2026-04-20T18:45:44.216Z	    signal: undefined,
2026-04-20T18:45:44.216Z	    signalDescription: undefined,
2026-04-20T18:45:44.216Z	    stdout: '\n' +
2026-04-20T18:45:44.216Z	      '> advanced-astro-i18n@2.2.2 build\n' +
2026-04-20T18:45:44.216Z	      '> astro build\n' +
2026-04-20T18:45:44.216Z	      '\n' +
2026-04-20T18:45:44.216Z	      '18:45:43 [astro-i18n/routing] Registered watcher for "src/routes" directory\n' +
2026-04-20T18:45:44.216Z	      '18:45:43 [astro-i18n/routing] Starting routes injection...\n' +
2026-04-20T18:45:44.216Z	      '18:45:43 [astro-i18n/routing] Cleaned ".astro/astro-i18n/entrypoints" directory\n' +
2026-04-20T18:45:44.216Z	      '18:45:43 [astro-i18n/routing] Injecting "/fr/404" route\n' +
2026-04-20T18:45:44.216Z	      '18:45:43 [astro-i18n/routing] Injecting "/fr/" route\n' +
2026-04-20T18:45:44.216Z	      '18:45:43 [astro-i18n/routing] Injecting "/404" route\n' +
2026-04-20T18:45:44.217Z	      '18:45:43 [astro-i18n/routing] Injecting "/" route\n' +
2026-04-20T18:45:44.217Z	      '18:45:43 [astro-i18n/routing] Injecting "/ar/404" route\n' +
2026-04-20T18:45:44.217Z	      '18:45:43 [astro-i18n/routing] Injecting "/ar/" route\n' +
2026-04-20T18:45:44.217Z	      '18:45:43 [astro-i18n/i18next] Registered watcher for "src/locales" directory\n' +
2026-04-20T18:45:44.217Z	      '18:45:43 [astro-i18n/i18next] Detected namespaces: "common","home"\n' +
2026-04-20T18:45:44.217Z	      '18:45:43 [astro-i18n/i18next] 3 resources registered\n' +
2026-04-20T18:45:44.217Z	      '18:45:43 [astro-i18n] Client features enabled: "data", "paths". Make sure to use the `<I18nClient />` component\n' +
2026-04-20T18:45:44.217Z	      '18:45:43 [astro-i18n] Types injected\n' +
2026-04-20T18:45:44.217Z	      '18:45:43 [WARN] The currently selected adapter `@astrojs/cloudflare` is not compatible with the image service "Sharp".\n' +
2026-04-20T18:45:44.217Z	      '18:45:43 [types] Generated 77ms\n' +
2026-04-20T18:45:44.217Z	      '18:45:43 [build] output: "hybrid"\n' +
2026-04-20T18:45:44.217Z	      '18:45:43 [build] directory: /opt/buildhome/repo/dist/\n' +
2026-04-20T18:45:44.217Z	      '18:45:43 [build] adapter: @astrojs/cloudflare\n' +
2026-04-20T18:45:44.217Z	      '18:45:43 [build] Collecting build info...\n' +
2026-04-20T18:45:44.217Z	      '18:45:43 [build] ✓ Completed in 292ms.\n' +
2026-04-20T18:45:44.218Z	      '18:45:43 [build] Building hybrid entrypoints...',
2026-04-20T18:45:44.218Z	    stderr: '18:45:43 [ERROR] [vite] \x1B[31mx\x1B[39m Build failed in 154ms\n' +
2026-04-20T18:45:44.218Z	      '[commonjs--resolver] [plugin vite:resolve] Cannot bundle Node.js built-in "node:async_hooks" imported from "\x00virtual:astro-i18n/als". Consider disabling ssr.noExternal or remove the built-in dependency.\n' +
2026-04-20T18:45:44.218Z	      '  Location:\n' +
2026-04-20T18:45:44.218Z	      '    /opt/buildhome/repo/node_modules/rollup/dist/es/shared/parseAst.js:406:41\n' +
2026-04-20T18:45:44.218Z	      '  Stack trace:\n' +
2026-04-20T18:45:44.218Z	      '    at getRollupError (file:///opt/buildhome/repo/node_modules/rollup/dist/es/shared/parseAst.js:406:41)\n' +
2026-04-20T18:45:44.218Z	      '    at Object.error (file:///opt/buildhome/repo/node_modules/rollup/dist/es/shared/node-entry.js:22645:20)\n' +
2026-04-20T18:45:44.219Z	      '    at Object.handler (file:///opt/buildhome/repo/node_modules/vite/dist/node/chunks/dep-BK3b2jBa.js:65919:15)\n' +
2026-04-20T18:45:44.219Z	      '    at async PluginDriver.hookFirstAndGetPlugin (file:///opt/buildhome/repo/node_modules/rollup/dist/es/shared/node-entry.js:22849:28)\n' +
2026-04-20T18:45:44.219Z	      '    at async ModuleLoader.resolveId (file:///opt/buildhome/repo/node_modules/rollup/dist/es/shared/node-entry.js:21746:15)',
2026-04-20T18:45:44.219Z	    failed: true,
2026-04-20T18:45:44.219Z	    timedOut: false,
2026-04-20T18:45:44.219Z	    isCanceled: false,
2026-04-20T18:45:44.219Z	    killed: false
2026-04-20T18:45:44.219Z	  }
2026-04-20T18:45:44.219Z	
2026-04-20T18:45:44.219Z	
2026-04-20T18:45:44.220Z	
2026-04-20T18:45:44.220Z	Cloudflare collects anonymous telemetry about your usage of Wrangler. Learn more at https://github.com/cloudflare/workers-sdk/tree/main/packages/wrangler/telemetry.md
2026-04-20T18:45:44.222Z	
2026-04-20T18:45:44.223Z	✘ [ERROR] Running custom build `npm run build` failed. There are likely more logs from your build command above.
2026-04-20T18:45:44.224Z	
2026-04-20T18:45:44.224Z	
2026-04-20T18:45:44.248Z	🪵  Logs were written to "/opt/buildhome/.config/.wrangler/logs/wrangler-2026-04-20_18-45-21_751.log"
2026-04-20T18:45:44.315Z	Failed: error occurred while running deploy command